1701946560934	geckodriver	INFO	Listening on 127.0.0.1:53407
1701946563959	mozrunner::runner	INFO	Running command: "C:\\Program Files\\Mozilla Firefox\\firefox.exe" "--marionette" "--remote-debugging-port" "53408" "--remote-allow-hosts" "localhost" "-no-remote" "-profile" "C:\\Users\\orlov\\AppData\\Local\\Temp\\rust_mozprofileKcrPtf"
console.warn: services.settings: Ignoring preference override of remote settings server
console.warn: services.settings: Allow by setting MOZ_REMOTE_SETTINGS_DEVTOOLS=1 in the environment
1701946564261	Marionette	INFO	Marionette enabled
Dynamically enable window occlusion 0
1701946564323	Marionette	INFO	Listening on port 53416
WebDriver BiDi listening on ws://127.0.0.1:53408
Read port: 53416
1701946564462	RemoteAgent	WARN	TLS certificate errors will be ignored for this session
DevTools listening on ws://127.0.0.1:53408/devtools/browser/5bfe8973-616e-405b-ae69-6612aef0bfba
JavaScript error: https://adindex.ru/news/all.phtml, line 56: TypeError: window.yaContextCb is undefined
JavaScript error: https://adindex.ru/news/all.phtml, line 562: TypeError: window.yaContextCb is undefined
JavaScript error: https://adindex.ru/news/all.phtml, line 583: TypeError: window.Ya is undefined
JavaScript warning: https://st.top100.ru/top100/top100.js, line 1: WEBGL_debug_renderer_info is deprecated in Firefox and will be removed. Please use RENDERER.
1701946567763	Marionette	INFO	Stopped listening on port 53416
Dynamically enable window occlusion 1
1701946755706	geckodriver	INFO	Listening on 127.0.0.1:53753
1701946758721	mozrunner::runner	INFO	Running command: "C:\\Program Files\\Mozilla Firefox\\firefox.exe" "--marionette" "--remote-debugging-port" "53755" "--remote-allow-hosts" "localhost" "-no-remote" "-profile" "C:\\Users\\orlov\\AppData\\Local\\Temp\\rust_mozprofileF3kGEN"
console.warn: services.settings: Ignoring preference override of remote settings server
console.warn: services.settings: Allow by setting MOZ_REMOTE_SETTINGS_DEVTOOLS=1 in the environment
1701946758973	Marionette	INFO	Marionette enabled
Dynamically enable window occlusion 0
1701946759056	Marionette	INFO	Listening on port 53769
WebDriver BiDi listening on ws://127.0.0.1:53755
Read port: 53768
1701946759233	RemoteAgent	WARN	TLS certificate errors will be ignored for this session
DevTools listening on ws://127.0.0.1:53755/devtools/browser/ddcbf560-01ca-4c11-b244-5153c3e2c458
JavaScript error: https://adindex.ru/news/all.phtml, line 56: TypeError: window.yaContextCb is undefined
JavaScript error: https://adindex.ru/news/all.phtml, line 562: TypeError: window.yaContextCb is undefined
JavaScript error: https://adindex.ru/news/all.phtml, line 583: TypeError: window.Ya is undefined
JavaScript warning: https://st.top100.ru/top100/top100.js, line 1: WEBGL_debug_renderer_info is deprecated in Firefox and will be removed. Please use RENDERER.
1701946762408	Marionette	INFO	Stopped listening on port 53769
Dynamically enable window occlusion 1
1701946900071	geckodriver	INFO	Listening on 127.0.0.1:54127
1701946903066	mozrunner::runner	INFO	Running command: "C:\\Program Files\\Mozilla Firefox\\firefox.exe" "--marionette" "--remote-debugging-port" "54128" "--remote-allow-hosts" "localhost" "-no-remote" "-profile" "C:\\Users\\orlov\\AppData\\Local\\Temp\\rust_mozprofileWYIn5h"
console.warn: services.settings: Ignoring preference override of remote settings server
console.warn: services.settings: Allow by setting MOZ_REMOTE_SETTINGS_DEVTOOLS=1 in the environment
1701946903306	Marionette	INFO	Marionette enabled
Dynamically enable window occlusion 0
1701946903370	Marionette	INFO	Listening on port 54135
WebDriver BiDi listening on ws://127.0.0.1:54128
Read port: 54135
1701946903507	RemoteAgent	WARN	TLS certificate errors will be ignored for this session
DevTools listening on ws://127.0.0.1:54128/devtools/browser/3c45dd89-a514-4484-90cf-61169f327837
1701946905330	geckodriver	INFO	Listening on 127.0.0.1:54156
1701946908369	mozrunner::runner	INFO	Running command: "C:\\Program Files\\Mozilla Firefox\\firefox.exe" "--marionette" "--remote-debugging-port" "54157" "--remote-allow-hosts" "localhost" "-no-remote" "-profile" "C:\\Users\\orlov\\AppData\\Local\\Temp\\rust_mozprofileqpGLVv"
console.warn: services.settings: Ignoring preference override of remote settings server
console.warn: services.settings: Allow by setting MOZ_REMOTE_SETTINGS_DEVTOOLS=1 in the environment
1701946908603	Marionette	INFO	Marionette enabled
Dynamically enable window occlusion 0
1701946908656	Marionette	INFO	Listening on port 54217
WebDriver BiDi listening on ws://127.0.0.1:54157
Read port: 54217
1701946908764	RemoteAgent	WARN	TLS certificate errors will be ignored for this session
DevTools listening on ws://127.0.0.1:54157/devtools/browser/5b8a1a93-8928-4948-b0fe-320afc558c56
JavaScript error: https://adindex.ru/news/all.phtml, line 56: TypeError: window.yaContextCb is undefined
JavaScript error: https://adindex.ru/news/all.phtml, line 562: TypeError: window.yaContextCb is undefined
JavaScript error: https://adindex.ru/news/all.phtml, line 583: TypeError: window.Ya is undefined
JavaScript warning: https://st.top100.ru/top100/top100.js, line 1: WEBGL_debug_renderer_info is deprecated in Firefox and will be removed. Please use RENDERER.
1701946911272	Marionette	INFO	Stopped listening on port 54217
Dynamically enable window occlusion 1
.com/FD126C42-EBFA-4E12-B309-BB3FDD723AC1/main.js?attr=PN09A7tnZTFmr3m0eCUaGnrQ0ER7Anpyt9BWPjV4NqssAlvL5uyK4OIrUHPbFbvPY7CeC-wUlNGzaaHgWfMkcA:323:21

Dynamically enable window occlusion 1
